# JRE version: OpenJDK Runtime Environment Temurin-21.0.7+6 (21.0.7+6) (build 21.0.7+6-LTS)
# Java VM: OpenJDK 64-Bit Server VM Temurin-21.0.7+6 (21.0.7+6-LTS, mixed mode, sharing, tiered, compressed oops, compressed class ptrs, parallel gc, windows-amd64)
GC Precious Log:
 CardTable entry size: 512
 CPUs: 12 total, 12 available
 Memory: 8001M
 Large Page Support: Disabled
 NUMA Support: Disabled
 Compressed Oops: Enabled (32-bit)
 Alignments: Space 512K, Generation 512K, Heap 2M
 Heap Min Capacity: 100M
 Heap Initial Capacity: 100M
 Heap Max Capacity: 1G
 Pre-touch: Disabled
 Parallel Workers: 10
Heap:
 PSYoungGen      total 10752K, used 8141K [0x00000000eab00000, 0x00000000ebb80000, 0x0000000100000000)
  eden space 5120K, 61% used [0x00000000eab00000,0x00000000eae0ccd0,0x00000000eb000000)
  from space 5632K, 92% used [0x00000000eb600000,0x00000000ebb174e0,0x00000000ebb80000)
  to   space 5632K, 0% used [0x00000000eb080000,0x00000000eb080000,0x00000000eb600000)
 ParOldGen       total 616960K, used 616501K [0x00000000c0000000, 0x00000000e5a80000, 0x00000000eab00000)
  object space 616960K, 99% used [0x00000000c0000000,0x00000000e5a0d440,0x00000000e5a80000)
 Metaspace       used 67267K, committed 68800K, reserved 1114112K
  class space    used 6588K, committed 7296K, reserved 1048576K
GC Heap History (20 events):
Event: 25.152 GC heap before
{Heap before GC invocations=887 (full 3):
 PSYoungGen      total 6144K, used 5824K [0x00000000eab00000, 0x00000000eb200000, 0x0000000100000000)
  eden space 5120K, 100% used [0x00000000eab00000,0x00000000eb000000,0x00000000eb000000)
  from space 1024K, 68% used [0x00000000eb000000,0x00000000eb0b0000,0x00000000eb100000)
  to   space 1024K, 0% used [0x00000000eb100000,0x00000000eb100000,0x00000000eb200000)
 ParOldGen       total 601600K, used 601191K [0x00000000c0000000, 0x00000000e4b80000, 0x00000000eab00000)
  object space 601600K, 99% used [0x00000000c0000000,0x00000000e4b19e28,0x00000000e4b80000)
 Metaspace       used 67267K, committed 68800K, reserved 1114112K
  class space    used 6588K, committed 7296K, reserved 1048576K
}
Event: 25.154 GC heap after
{Heap after GC invocations=887 (full 3):
 PSYoungGen      total 6144K, used 704K [0x00000000eab00000, 0x00000000eb200000, 0x0000000100000000)
  eden space 5120K, 0% used [0x00000000eab00000,0x00000000eab00000,0x00000000eb000000)
  from space 1024K, 68% used [0x00000000eb100000,0x00000000eb1b0000,0x00000000eb200000)
  to   space 1024K, 0% used [0x00000000eb000000,0x00000000eb000000,0x00000000eb100000)
 ParOldGen       total 602112K, used 601727K [0x00000000c0000000, 0x00000000e4c00000, 0x00000000eab00000)
  object space 602112K, 99% used [0x00000000c0000000,0x00000000e4b9fe28,0x00000000e4c00000)
 Metaspace       used 67267K, committed 68800K, reserved 1114112K
  class space    used 6588K, committed 7296K, reserved 1048576K
}
Event: 25.166 GC heap before
{Heap before GC invocations=888 (full 3):
 PSYoungGen      total 6144K, used 5824K [0x00000000eab00000, 0x00000000eb200000, 0x0000000100000000)
  eden space 5120K, 100% used [0x00000000eab00000,0x00000000eb000000,0x00000000eb000000)
  from space 1024K, 68% used [0x00000000eb100000,0x00000000eb1b0000,0x00000000eb200000)
  to   space 1024K, 0% used [0x00000000eb000000,0x00000000eb000000,0x00000000eb100000)
 ParOldGen       total 602112K, used 601727K [0x00000000c0000000, 0x00000000e4c00000, 0x00000000eab00000)
  object space 602112K, 99% used [0x00000000c0000000,0x00000000e4b9fe28,0x00000000e4c00000)
 Metaspace       used 67267K, committed 68800K, reserved 1114112K
  class space    used 6588K, committed 7296K, reserved 1048576K
}
Event: 25.168 GC heap after
{Heap after GC invocations=888 (full 3):
 PSYoungGen      total 6144K, used 800K [0x00000000eab00000, 0x00000000eb200000, 0x0000000100000000)
  eden space 5120K, 0% used [0x00000000eab00000,0x00000000eab00000,0x00000000eb000000)
  from space 1024K, 78% used [0x00000000eb000000,0x00000000eb0c8000,0x00000000eb100000)
  to   space 1024K, 0% used [0x00000000eb100000,0x00000000eb100000,0x00000000eb200000)
 ParOldGen       total 602624K, used 602279K [0x00000000c0000000, 0x00000000e4c80000, 0x00000000eab00000)
  object space 602624K, 99% used [0x00000000c0000000,0x00000000e4c29e28,0x00000000e4c80000)
 Metaspace       used 67267K, committed 68800K, reserved 1114112K
  class space    used 6588K, committed 7296K, reserved 1048576K
}
Event: 25.184 GC heap before
{Heap before GC invocations=889 (full 3):
 PSYoungGen      total 6144K, used 5920K [0x00000000eab00000, 0x00000000eb200000, 0x0000000100000000)
  eden space 5120K, 100% used [0x00000000eab00000,0x00000000eb000000,0x00000000eb000000)
  from space 1024K, 78% used [0x00000000eb000000,0x00000000eb0c8000,0x00000000eb100000)
  to   space 1024K, 0% used [0x00000000eb100000,0x00000000eb100000,0x00000000eb200000)
 ParOldGen       total 602624K, used 602279K [0x00000000c0000000, 0x00000000e4c80000, 0x00000000eab00000)
  object space 602624K, 99% used [0x00000000c0000000,0x00000000e4c29e28,0x00000000e4c80000)
 Metaspace       used 67267K, committed 68800K, reserved 1114112K
  class space    used 6588K, committed 7296K, reserved 1048576K
}
Event: 25.186 GC heap after
{Heap after GC invocations=889 (full 3):
 PSYoungGen      total 6144K, used 880K [0x00000000eab00000, 0x00000000eb200000, 0x0000000100000000)
  eden space 5120K, 0% used [0x00000000eab00000,0x00000000eab00000,0x00000000eb000000)
  from space 1024K, 85% used [0x00000000eb100000,0x00000000eb1dc030,0x00000000eb200000)
  to   space 1024K, 0% used [0x00000000eb000000,0x00000000eb000000,0x00000000eb100000)
 ParOldGen       total 603136K, used 602887K [0x00000000c0000000, 0x00000000e4d00000, 0x00000000eab00000)
  object space 603136K, 99% used [0x00000000c0000000,0x00000000e4cc1e28,0x00000000e4d00000)
 Metaspace       used 67267K, committed 68800K, reserved 1114112K
  class space    used 6588K, committed 7296K, reserved 1048576K
}
Event: 25.203 GC heap before
{Heap before GC invocations=890 (full 3):
 PSYoungGen      total 6144K, used 6000K [0x00000000eab00000, 0x00000000eb200000, 0x0000000100000000)
  eden space 5120K, 100% used [0x00000000eab00000,0x00000000eb000000,0x00000000eb000000)
  from space 1024K, 85% used [0x00000000eb100000,0x00000000eb1dc030,0x00000000eb200000)
  to   space 1024K, 0% used [0x00000000eb000000,0x00000000eb000000,0x00000000eb100000)
 ParOldGen       total 603136K, used 602887K [0x00000000c0000000, 0x00000000e4d00000, 0x00000000eab00000)
  object space 603136K, 99% used [0x00000000c0000000,0x00000000e4cc1e28,0x00000000e4d00000)
 Metaspace       used 67267K, committed 68800K, reserved 1114112K
  class space    used 6588K, committed 7296K, reserved 1048576K
}
Event: 25.205 GC heap after
{Heap after GC invocations=890 (full 3):
 PSYoungGen      total 6144K, used 899K [0x00000000eab00000, 0x00000000eb200000, 0x0000000100000000)
  eden space 5120K, 0% used [0x00000000eab00000,0x00000000eab00000,0x00000000eb000000)
  from space 1024K, 87% used [0x00000000eb000000,0x00000000eb0e0ef8,0x00000000eb100000)
  to   space 1024K, 0% used [0x00000000eb100000,0x00000000eb100000,0x00000000eb200000)
 ParOldGen       total 603648K, used 603495K [0x00000000c0000000, 0x00000000e4d80000, 0x00000000eab00000)
  object space 603648K, 99% used [0x00000000c0000000,0x00000000e4d59e58,0x00000000e4d80000)
 Metaspace       used 67267K, committed 68800K, reserved 1114112K
  class space    used 6588K, committed 7296K, reserved 1048576K
}
Event: 25.221 GC heap before
{Heap before GC invocations=891 (full 3):
 PSYoungGen      total 6144K, used 5932K [0x00000000eab00000, 0x00000000eb200000, 0x0000000100000000)
  eden space 5120K, 98% used [0x00000000eab00000,0x00000000eafea2b8,0x00000000eb000000)
  from space 1024K, 87% used [0x00000000eb000000,0x00000000eb0e0ef8,0x00000000eb100000)
  to   space 1024K, 0% used [0x00000000eb100000,0x00000000eb100000,0x00000000eb200000)
 ParOldGen       total 603648K, used 603495K [0x00000000c0000000, 0x00000000e4d80000, 0x00000000eab00000)
  object space 603648K, 99% used [0x00000000c0000000,0x00000000e4d59e58,0x00000000e4d80000)
 Metaspace       used 67267K, committed 68800K, reserved 1114112K
  class space    used 6588K, committed 7296K, reserved 1048576K
}
Event: 25.224 GC heap after
{Heap after GC invocations=891 (full 3):
 PSYoungGen      total 4608K, used 1022K [0x00000000eab00000, 0x00000000eb500000, 0x0000000100000000)
  eden space 3584K, 0% used [0x00000000eab00000,0x00000000eab00000,0x00000000eae80000)
  from space 1024K, 99% used [0x00000000eb100000,0x00000000eb1ff830,0x00000000eb200000)
  to   space 2560K, 0% used [0x00000000eae80000,0x00000000eae80000,0x00000000eb100000)
 ParOldGen       total 604672K, used 604504K [0x00000000c0000000, 0x00000000e4e80000, 0x00000000eab00000)
  object space 604672K, 99% used [0x00000000c0000000,0x00000000e4e56068,0x00000000e4e80000)
 Metaspace       used 67267K, committed 68800K, reserved 1114112K
  class space    used 6588K, committed 7296K, reserved 1048576K
}
Event: 25.230 GC heap before
{Heap before GC invocations=892 (full 3):
 PSYoungGen      total 4608K, used 4606K [0x00000000eab00000, 0x00000000eb500000, 0x0000000100000000)
  eden space 3584K, 100% used [0x00000000eab00000,0x00000000eae80000,0x00000000eae80000)
  from space 1024K, 99% used [0x00000000eb100000,0x00000000eb1ff830,0x00000000eb200000)
  to   space 2560K, 0% used [0x00000000eae80000,0x00000000eae80000,0x00000000eb100000)
 ParOldGen       total 604672K, used 604504K [0x00000000c0000000, 0x00000000e4e80000, 0x00000000eab00000)
  object space 604672K, 99% used [0x00000000c0000000,0x00000000e4e56068,0x00000000e4e80000)
 Metaspace       used 67267K, committed 68800K, reserved 1114112K
  class space    used 6588K, committed 7296K, reserved 1048576K
}
Event: 25.232 GC heap after
{Heap after GC invocations=892 (full 3):
 PSYoungGen      total 5632K, used 1734K [0x00000000eab00000, 0x00000000eb280000, 0x0000000100000000)
  eden space 3584K, 0% used [0x00000000eab00000,0x00000000eab00000,0x00000000eae80000)
  from space 2048K, 84% used [0x00000000eae80000,0x00000000eb031910,0x00000000eb080000)
  to   space 2048K, 0% used [0x00000000eb080000,0x00000000eb080000,0x00000000eb280000)
 ParOldGen       total 606208K, used 605529K [0x00000000c0000000, 0x00000000e5000000, 0x00000000eab00000)
  object space 606208K, 99% used [0x00000000c0000000,0x00000000e4f56530,0x00000000e5000000)
 Metaspace       used 67267K, committed 68800K, reserved 1114112K
  class space    used 6588K, committed 7296K, reserved 1048576K
}
Event: 25.239 GC heap before
{Heap before GC invocations=893 (full 3):
 PSYoungGen      total 5632K, used 5318K [0x00000000eab00000, 0x00000000eb280000, 0x0000000100000000)
  eden space 3584K, 100% used [0x00000000eab00000,0x00000000eae80000,0x00000000eae80000)
  from space 2048K, 84% used [0x00000000eae80000,0x00000000eb031910,0x00000000eb080000)
  to   space 2048K, 0% used [0x00000000eb080000,0x00000000eb080000,0x00000000eb280000)
 ParOldGen       total 606208K, used 605529K [0x00000000c0000000, 0x00000000e5000000, 0x00000000eab00000)
  object space 606208K, 99% used [0x00000000c0000000,0x00000000e4f56530,0x00000000e5000000)
 Metaspace       used 67267K, committed 68800K, reserved 1114112K
  class space    used 6588K, committed 7296K, reserved 1048576K
}
Event: 25.242 GC heap after
{Heap after GC invocations=893 (full 3):
 PSYoungGen      total 4608K, used 950K [0x00000000eab00000, 0x00000000eb180000, 0x0000000100000000)
  eden space 3584K, 0% used [0x00000000eab00000,0x00000000eab00000,0x00000000eae80000)
  from space 1024K, 92% used [0x00000000eb080000,0x00000000eb16d928,0x00000000eb180000)
  to   space 1536K, 0% used [0x00000000eae80000,0x00000000eae80000,0x00000000eb000000)
 ParOldGen       total 607232K, used 607143K [0x00000000c0000000, 0x00000000e5100000, 0x00000000eab00000)
  object space 607232K, 99% used [0x00000000c0000000,0x00000000e50e9d50,0x00000000e5100000)
 Metaspace       used 67267K, committed 68800K, reserved 1114112K
  class space    used 6588K, committed 7296K, reserved 1048576K
}
Event: 25.253 GC heap before
{Heap before GC invocations=894 (full 3):
 PSYoungGen      total 4608K, used 4534K [0x00000000eab00000, 0x00000000eb180000, 0x0000000100000000)
  eden space 3584K, 100% used [0x00000000eab00000,0x00000000eae80000,0x00000000eae80000)
  from space 1024K, 92% used [0x00000000eb080000,0x00000000eb16d928,0x00000000eb180000)
  to   space 1536K, 0% used [0x00000000eae80000,0x00000000eae80000,0x00000000eb000000)
 ParOldGen       total 607232K, used 607143K [0x00000000c0000000, 0x00000000e5100000, 0x00000000eab00000)
  object space 607232K, 99% used [0x00000000c0000000,0x00000000e50e9d50,0x00000000e5100000)
 Metaspace       used 67267K, committed 68800K, reserved 1114112K
  class space    used 6588K, committed 7296K, reserved 1048576K
}
Event: 25.255 GC heap after
{Heap after GC invocations=894 (full 3):
 PSYoungGen      total 5120K, used 675K [0x00000000eab00000, 0x00000000eb100000, 0x0000000100000000)
  eden space 3584K, 0% used [0x00000000eab00000,0x00000000eab00000,0x00000000eae80000)
  from space 1536K, 43% used [0x00000000eae80000,0x00000000eaf28f50,0x00000000eb000000)
  to   space 1024K, 0% used [0x00000000eb000000,0x00000000eb000000,0x00000000eb100000)
 ParOldGen       total 608256K, used 607874K [0x00000000c0000000, 0x00000000e5200000, 0x00000000eab00000)
  object space 608256K, 99% used [0x00000000c0000000,0x00000000e51a0b20,0x00000000e5200000)
 Metaspace       used 67267K, committed 68800K, reserved 1114112K
  class space    used 6588K, committed 7296K, reserved 1048576K
}
Event: 25.268 GC heap before
{Heap before GC invocations=895 (full 3):
 PSYoungGen      total 5120K, used 4259K [0x00000000eab00000, 0x00000000eb100000, 0x0000000100000000)
  eden space 3584K, 100% used [0x00000000eab00000,0x00000000eae80000,0x00000000eae80000)
  from space 1536K, 43% used [0x00000000eae80000,0x00000000eaf28f50,0x00000000eb000000)
  to   space 1024K, 0% used [0x00000000eb000000,0x00000000eb000000,0x00000000eb100000)
 ParOldGen       total 608256K, used 607874K [0x00000000c0000000, 0x00000000e5200000, 0x00000000eab00000)
  object space 608256K, 99% used [0x00000000c0000000,0x00000000e51a0b20,0x00000000e5200000)
 Metaspace       used 67267K, committed 68800K, reserved 1114112K
  class space    used 6588K, committed 7296K, reserved 1048576K
}
Event: 25.269 GC heap after
{Heap after GC invocations=895 (full 3):
 PSYoungGen      total 4608K, used 576K [0x00000000eab00000, 0x00000000eb100000, 0x0000000100000000)
  eden space 3584K, 0% used [0x00000000eab00000,0x00000000eab00000,0x00000000eae80000)
  from space 1024K, 56% used [0x00000000eb000000,0x00000000eb090000,0x00000000eb100000)
  to   space 1024K, 0% used [0x00000000eaf00000,0x00000000eaf00000,0x00000000eb000000)
 ParOldGen       total 608768K, used 608433K [0x00000000c0000000, 0x00000000e5280000, 0x00000000eab00000)
  object space 608768K, 99% used [0x00000000c0000000,0x00000000e522c4d0,0x00000000e5280000)
 Metaspace       used 67267K, committed 68800K, reserved 1114112K
  class space    used 6588K, committed 7296K, reserved 1048576K
}
Event: 25.276 GC heap before
{Heap before GC invocations=896 (full 3):
 PSYoungGen      total 4608K, used 4160K [0x00000000eab00000, 0x00000000eb100000, 0x0000000100000000)
  eden space 3584K, 100% used [0x00000000eab00000,0x00000000eae80000,0x00000000eae80000)
  from space 1024K, 56% used [0x00000000eb000000,0x00000000eb090000,0x00000000eb100000)
  to   space 1024K, 0% used [0x00000000eaf00000,0x00000000eaf00000,0x00000000eb000000)
 ParOldGen       total 608768K, used 608433K [0x00000000c0000000, 0x00000000e5280000, 0x00000000eab00000)
  object space 608768K, 99% used [0x00000000c0000000,0x00000000e522c4d0,0x00000000e5280000)
 Metaspace       used 67267K, committed 68800K, reserved 1114112K
  class space    used 6588K, committed 7296K, reserved 1048576K
}
Event: 26.285 GC heap after
{Heap after GC invocations=896 (full 3):
 PSYoungGen      total 5120K, used 640K [0x00000000eab00000, 0x00000000eb180000, 0x0000000100000000)
  eden space 4096K, 0% used [0x00000000eab00000,0x00000000eab00000,0x00000000eaf00000)
  from space 1024K, 62% used [0x00000000eaf00000,0x00000000eafa0000,0x00000000eb000000)
  to   space 1024K, 0% used [0x00000000eb080000,0x00000000eb080000,0x00000000eb180000)
 ParOldGen       total 609280K, used 608872K [0x00000000c0000000, 0x00000000e5300000, 0x00000000eab00000)
  object space 609280K, 99% used [0x00000000c0000000,0x00000000e529a360,0x00000000e5300000)
 Metaspace       used 67267K, committed 68800K, reserved 1114112K
  class space    used 6588K, committed 7296K, reserved 1048576K
}

